<?xml version="1.0" encoding="UTF-8"?>
<!-- Generated by org.testng.reporters.JUnitXMLReporter -->
<testsuite hostname="chan-PC" name="Default test" tests="4" failures="0" timestamp="21 Oct 2015 11:05:13 GMT" time="7.205" errors="0">
  <testcase name="createUser" time="1.708" classname="kr.co.adflow.pms.core.pcf.UserControllerTest"/>
  <testcase name="getUserInfo" time="0.371" classname="kr.co.adflow.pms.core.pcf.UserControllerTest"/>
  <testcase name="updateUser" time="0.729" classname="kr.co.adflow.pms.core.pcf.UserControllerTest"/>
  <testcase name="deleteUser" time="0.449" classname="kr.co.adflow.pms.core.pcf.UserControllerTest"/>
</testsuite> <!-- Default test -->
