<?xml version="1.0" encoding="UTF-8"?>
<!-- Generated by org.testng.reporters.JUnitXMLReporter -->
<testsuite hostname="chan-PC" name="Default test" tests="3" failures="0" timestamp="10 Nov 2015 05:55:05 GMT" time="8.368" errors="0">
  <testcase name="tokenCreate" time="2.936" classname="kr.co.adflow.pms.core.test.TokenControllerTest"/>
  <testcase name="tokenValidate" time="0.908" classname="kr.co.adflow.pms.core.test.TokenControllerTest"/>
  <testcase name="getTopicInfo" time="0.417" classname="kr.co.adflow.pms.core.test.TokenControllerTest"/>
</testsuite> <!-- Default test -->
