<?xml version="1.0" encoding="UTF-8"?>
<testng-results skipped="0" failed="0" total="3" passed="3">
  <reporter-output>
  </reporter-output>
  <suite name="kr.co.adflow.push.testng.TestPushController" duration-ms="3224" started-at="2014-03-21T16:03:51Z" finished-at="2014-03-21T16:03:55Z">
    <groups>
    </groups>
    <test name="Command line test" duration-ms="3224" started-at="2014-03-21T16:03:51Z" finished-at="2014-03-21T16:03:55Z">
      <class name="kr.co.adflow.push.testng.TestPushController">
        <test-method status="PASS" signature="springTestContextBeforeTestClass()[pri:0, instance:kr.co.adflow.push.testng.TestPushController@3ae19358]" name="springTestContextBeforeTestClass" is-config="true" duration-ms="9" started-at="2014-03-22T01:03:51Z" finished-at="2014-03-22T01:03:51Z">
          <reporter-output>
          </reporter-output>
        </test-method> <!-- springTestContextBeforeTestClass -->
        <test-method status="PASS" signature="springTestContextPrepareTestInstance()[pri:0, instance:kr.co.adflow.push.testng.TestPushController@3ae19358]" name="springTestContextPrepareTestInstance" is-config="true" duration-ms="2107" started-at="2014-03-22T01:03:51Z" depends-on-methods="org.springframework.test.context.testng.AbstractTestNGSpringContextTests.springTestContextBeforeTestClass" finished-at="2014-03-22T01:03:53Z">
          <reporter-output>
          </reporter-output>
        </test-method> <!-- springTestContextPrepareTestInstance -->
        <test-method status="PASS" signature="bfterclass()[pri:0, instance:kr.co.adflow.push.testng.TestPushController@3ae19358]" name="bfterclass" is-config="true" duration-ms="1001" started-at="2014-03-22T01:03:53Z" finished-at="2014-03-22T01:03:54Z">
          <reporter-output>
          </reporter-output>
        </test-method> <!-- bfterclass -->
        <test-method status="PASS" signature="springTestContextBeforeTestMethod(java.lang.reflect.Method)[pri:0, instance:kr.co.adflow.push.testng.TestPushController@3ae19358]" name="springTestContextBeforeTestMethod" is-config="true" duration-ms="1" started-at="2014-03-22T01:03:54Z" finished-at="2014-03-22T01:03:54Z">
          <params>
            <param index="0">
              <value>
                <![CDATA[void kr.co.adflow.push.testng.TestPushController.isAvailable()]]>
              </value>
            </param>
          </params>
          <reporter-output>
          </reporter-output>
        </test-method> <!-- springTestContextBeforeTestMethod -->
        <test-method status="PASS" signature="isAvailable()[pri:0, instance:kr.co.adflow.push.testng.TestPushController@3ae19358]" name="isAvailable" duration-ms="86" started-at="2014-03-22T01:03:54Z" finished-at="2014-03-22T01:03:55Z">
          <reporter-output>
          </reporter-output>
        </test-method> <!-- isAvailable -->
        <test-method status="PASS" signature="springTestContextAfterTestMethod(java.lang.reflect.Method)[pri:0, instance:kr.co.adflow.push.testng.TestPushController@3ae19358]" name="springTestContextAfterTestMethod" is-config="true" duration-ms="1" started-at="2014-03-22T01:03:55Z" finished-at="2014-03-22T01:03:55Z">
          <params>
            <param index="0">
              <value>
                <![CDATA[void kr.co.adflow.push.testng.TestPushController.isAvailable()]]>
              </value>
            </param>
          </params>
          <reporter-output>
          </reporter-output>
        </test-method> <!-- springTestContextAfterTestMethod -->
        <test-method status="PASS" signature="springTestContextBeforeTestMethod(java.lang.reflect.Method)[pri:0, instance:kr.co.adflow.push.testng.TestPushController@3ae19358]" name="springTestContextBeforeTestMethod" is-config="true" duration-ms="1" started-at="2014-03-22T01:03:55Z" finished-at="2014-03-22T01:03:55Z">
          <params>
            <param index="0">
              <value>
                <![CDATA[void kr.co.adflow.push.testng.TestPushController.sendMessage()]]>
              </value>
            </param>
          </params>
          <reporter-output>
          </reporter-output>
        </test-method> <!-- springTestContextBeforeTestMethod -->
        <test-method status="PASS" signature="sendMessage()[pri:0, instance:kr.co.adflow.push.testng.TestPushController@3ae19358]" name="sendMessage" duration-ms="1" started-at="2014-03-22T01:03:55Z" finished-at="2014-03-22T01:03:55Z">
          <reporter-output>
          </reporter-output>
        </test-method> <!-- sendMessage -->
        <test-method status="PASS" signature="springTestContextAfterTestMethod(java.lang.reflect.Method)[pri:0, instance:kr.co.adflow.push.testng.TestPushController@3ae19358]" name="springTestContextAfterTestMethod" is-config="true" duration-ms="0" started-at="2014-03-22T01:03:55Z" finished-at="2014-03-22T01:03:55Z">
          <params>
            <param index="0">
              <value>
                <![CDATA[void kr.co.adflow.push.testng.TestPushController.sendMessage()]]>
              </value>
            </param>
          </params>
          <reporter-output>
          </reporter-output>
        </test-method> <!-- springTestContextAfterTestMethod -->
        <test-method status="PASS" signature="sendTopic()[pri:0, instance:kr.co.adflow.push.testng.TestPushController@3ae19358]" name="sendTopic" duration-ms="2" started-at="2014-03-22T01:03:55Z" finished-at="2014-03-22T01:03:55Z">
          <reporter-output>
          </reporter-output>
        </test-method> <!-- sendTopic -->
        <test-method status="PASS" signature="springTestContextBeforeTestMethod(java.lang.reflect.Method)[pri:0, instance:kr.co.adflow.push.testng.TestPushController@3ae19358]" name="springTestContextBeforeTestMethod" is-config="true" duration-ms="0" started-at="2014-03-22T01:03:55Z" finished-at="2014-03-22T01:03:55Z">
          <params>
            <param index="0">
              <value>
                <![CDATA[void kr.co.adflow.push.testng.TestPushController.sendTopic()]]>
              </value>
            </param>
          </params>
          <reporter-output>
          </reporter-output>
        </test-method> <!-- springTestContextBeforeTestMethod -->
        <test-method status="PASS" signature="springTestContextAfterTestMethod(java.lang.reflect.Method)[pri:0, instance:kr.co.adflow.push.testng.TestPushController@3ae19358]" name="springTestContextAfterTestMethod" is-config="true" duration-ms="0" started-at="2014-03-22T01:03:55Z" finished-at="2014-03-22T01:03:55Z">
          <params>
            <param index="0">
              <value>
                <![CDATA[void kr.co.adflow.push.testng.TestPushController.sendTopic()]]>
              </value>
            </param>
          </params>
          <reporter-output>
          </reporter-output>
        </test-method> <!-- springTestContextAfterTestMethod -->
        <test-method status="PASS" signature="afterclass()[pri:0, instance:kr.co.adflow.push.testng.TestPushController@3ae19358]" name="afterclass" is-config="true" duration-ms="0" started-at="2014-03-22T01:03:55Z" finished-at="2014-03-22T01:03:55Z">
          <reporter-output>
          </reporter-output>
        </test-method> <!-- afterclass -->
        <test-method status="PASS" signature="springTestContextAfterTestClass()[pri:0, instance:kr.co.adflow.push.testng.TestPushController@3ae19358]" name="springTestContextAfterTestClass" is-config="true" duration-ms="0" started-at="2014-03-22T01:03:55Z" finished-at="2014-03-22T01:03:55Z">
          <reporter-output>
          </reporter-output>
        </test-method> <!-- springTestContextAfterTestClass -->
      </class> <!-- kr.co.adflow.push.testng.TestPushController -->
    </test> <!-- Command line test -->
  </suite> <!-- kr.co.adflow.push.testng.TestPushController -->
</testng-results>
