<?xml version="1.0" encoding="UTF-8"?>
<!-- Generated by org.testng.reporters.JUnitXMLReporter -->
<testsuite hostname="nadir93-macpro.local" name="Default test" tests="3" failures="0" timestamp="23 Mar 2014 13:32:50 GMT" time="3.596" errors="0">
  <testcase name="isAvailable" time="0.1" classname="kr.co.adflow.push.testng.TestPushController"/>
  <testcase name="sendMessage" time="0.02" classname="kr.co.adflow.push.testng.TestPushController"/>
  <testcase name="sendTopic" time="0.002" classname="kr.co.adflow.push.testng.TestPushController"/>
</testsuite> <!-- Default test -->
