<?xml version="1.0" encoding="UTF-8"?>
<testng-results skipped="0" failed="0" total="3" passed="3">
  <reporter-output>
  </reporter-output>
  <suite name="Default suite" duration-ms="8368" started-at="2015-11-10T05:54:57Z" finished-at="2015-11-10T05:55:05Z">
    <groups>
    </groups>
    <test name="Default test" duration-ms="8368" started-at="2015-11-10T05:54:57Z" finished-at="2015-11-10T05:55:05Z">
      <class name="kr.co.adflow.pms.core.test.TokenControllerTest">
        <test-method status="PASS" signature="springTestContextBeforeTestClass()[pri:0, instance:kr.co.adflow.pms.core.test.TokenControllerTest@47d241c9]" name="springTestContextBeforeTestClass" is-config="true" duration-ms="8" started-at="2015-11-10T14:54:57Z" finished-at="2015-11-10T14:54:57Z">
          <reporter-output>
          </reporter-output>
        </test-method> <!-- springTestContextBeforeTestClass -->
        <test-method status="PASS" signature="springTestContextPrepareTestInstance()[pri:0, instance:kr.co.adflow.pms.core.test.TokenControllerTest@47d241c9]" name="springTestContextPrepareTestInstance" is-config="true" duration-ms="4068" started-at="2015-11-10T14:54:57Z" depends-on-methods="org.springframework.test.context.testng.AbstractTestNGSpringContextTests.springTestContextBeforeTestClass" finished-at="2015-11-10T14:55:01Z">
          <reporter-output>
          </reporter-output>
        </test-method> <!-- springTestContextPrepareTestInstance -->
        <test-method status="PASS" signature="springTestContextBeforeTestMethod(java.lang.reflect.Method)[pri:0, instance:kr.co.adflow.pms.core.test.TokenControllerTest@47d241c9]" name="springTestContextBeforeTestMethod" is-config="true" duration-ms="1" started-at="2015-11-10T14:55:01Z" finished-at="2015-11-10T14:55:01Z">
          <params>
            <param index="0">
              <value>
                <![CDATA[void kr.co.adflow.pms.core.test.TokenControllerTest.tokenCreate() throws java.lang.Exception]]>
              </value>
            </param>
          </params>
          <reporter-output>
          </reporter-output>
        </test-method> <!-- springTestContextBeforeTestMethod -->
        <test-method status="PASS" signature="tokenCreate()[pri:0, instance:kr.co.adflow.pms.core.test.TokenControllerTest@47d241c9]" name="tokenCreate" duration-ms="2936" started-at="2015-11-10T14:55:01Z" finished-at="2015-11-10T14:55:04Z">
          <reporter-output>
          </reporter-output>
        </test-method> <!-- tokenCreate -->
        <test-method status="PASS" signature="springTestContextAfterTestMethod(java.lang.reflect.Method)[pri:0, instance:kr.co.adflow.pms.core.test.TokenControllerTest@47d241c9]" name="springTestContextAfterTestMethod" is-config="true" duration-ms="2" started-at="2015-11-10T14:55:04Z" finished-at="2015-11-10T14:55:04Z">
          <params>
            <param index="0">
              <value>
                <![CDATA[void kr.co.adflow.pms.core.test.TokenControllerTest.tokenCreate() throws java.lang.Exception]]>
              </value>
            </param>
          </params>
          <reporter-output>
          </reporter-output>
        </test-method> <!-- springTestContextAfterTestMethod -->
        <test-method status="PASS" signature="springTestContextBeforeTestMethod(java.lang.reflect.Method)[pri:0, instance:kr.co.adflow.pms.core.test.TokenControllerTest@47d241c9]" name="springTestContextBeforeTestMethod" is-config="true" duration-ms="1" started-at="2015-11-10T14:55:04Z" finished-at="2015-11-10T14:55:04Z">
          <params>
            <param index="0">
              <value>
                <![CDATA[void kr.co.adflow.pms.core.test.TokenControllerTest.tokenValidate() throws java.lang.Exception]]>
              </value>
            </param>
          </params>
          <reporter-output>
          </reporter-output>
        </test-method> <!-- springTestContextBeforeTestMethod -->
        <test-method status="PASS" signature="tokenValidate()[pri:0, instance:kr.co.adflow.pms.core.test.TokenControllerTest@47d241c9]" name="tokenValidate" duration-ms="908" started-at="2015-11-10T14:55:04Z" finished-at="2015-11-10T14:55:05Z">
          <reporter-output>
          </reporter-output>
        </test-method> <!-- tokenValidate -->
        <test-method status="PASS" signature="springTestContextAfterTestMethod(java.lang.reflect.Method)[pri:0, instance:kr.co.adflow.pms.core.test.TokenControllerTest@47d241c9]" name="springTestContextAfterTestMethod" is-config="true" duration-ms="0" started-at="2015-11-10T14:55:05Z" finished-at="2015-11-10T14:55:05Z">
          <params>
            <param index="0">
              <value>
                <![CDATA[void kr.co.adflow.pms.core.test.TokenControllerTest.tokenValidate() throws java.lang.Exception]]>
              </value>
            </param>
          </params>
          <reporter-output>
          </reporter-output>
        </test-method> <!-- springTestContextAfterTestMethod -->
        <test-method status="PASS" signature="springTestContextBeforeTestMethod(java.lang.reflect.Method)[pri:0, instance:kr.co.adflow.pms.core.test.TokenControllerTest@47d241c9]" name="springTestContextBeforeTestMethod" is-config="true" duration-ms="1" started-at="2015-11-10T14:55:05Z" finished-at="2015-11-10T14:55:05Z">
          <params>
            <param index="0">
              <value>
                <![CDATA[void kr.co.adflow.pms.core.test.TokenControllerTest.getTopicInfo() throws java.lang.Exception]]>
              </value>
            </param>
          </params>
          <reporter-output>
          </reporter-output>
        </test-method> <!-- springTestContextBeforeTestMethod -->
        <test-method status="PASS" signature="getTopicInfo()[pri:0, instance:kr.co.adflow.pms.core.test.TokenControllerTest@47d241c9]" name="getTopicInfo" duration-ms="417" started-at="2015-11-10T14:55:05Z" finished-at="2015-11-10T14:55:05Z">
          <reporter-output>
          </reporter-output>
        </test-method> <!-- getTopicInfo -->
        <test-method status="PASS" signature="springTestContextAfterTestMethod(java.lang.reflect.Method)[pri:0, instance:kr.co.adflow.pms.core.test.TokenControllerTest@47d241c9]" name="springTestContextAfterTestMethod" is-config="true" duration-ms="1" started-at="2015-11-10T14:55:05Z" finished-at="2015-11-10T14:55:05Z">
          <params>
            <param index="0">
              <value>
                <![CDATA[void kr.co.adflow.pms.core.test.TokenControllerTest.getTopicInfo() throws java.lang.Exception]]>
              </value>
            </param>
          </params>
          <reporter-output>
          </reporter-output>
        </test-method> <!-- springTestContextAfterTestMethod -->
        <test-method status="PASS" signature="springTestContextAfterTestClass()[pri:0, instance:kr.co.adflow.pms.core.test.TokenControllerTest@47d241c9]" name="springTestContextAfterTestClass" is-config="true" duration-ms="1" started-at="2015-11-10T14:55:05Z" finished-at="2015-11-10T14:55:05Z">
          <reporter-output>
          </reporter-output>
        </test-method> <!-- springTestContextAfterTestClass -->
      </class> <!-- kr.co.adflow.pms.core.test.TokenControllerTest -->
    </test> <!-- Default test -->
  </suite> <!-- Default suite -->
</testng-results>
