<?xml version="1.0" encoding="UTF-8"?>
<testng-results skipped="0" failed="0" total="1" passed="1">
  <reporter-output>
  </reporter-output>
  <suite name="Default suite" duration-ms="4574" started-at="2015-10-16T10:49:50Z" finished-at="2015-10-16T10:49:54Z">
    <groups>
    </groups>
    <test name="Default test" duration-ms="4574" started-at="2015-10-16T10:49:50Z" finished-at="2015-10-16T10:49:54Z">
      <class name="kr.co.adflow.pms.core.pcf.TokenControllerTest">
        <test-method status="PASS" signature="springTestContextBeforeTestClass()[pri:0, instance:kr.co.adflow.pms.core.pcf.TokenControllerTest@140f3941]" name="springTestContextBeforeTestClass" is-config="true" duration-ms="15" started-at="2015-10-16T19:49:50Z" finished-at="2015-10-16T19:49:50Z">
          <reporter-output>
          </reporter-output>
        </test-method> <!-- springTestContextBeforeTestClass -->
        <test-method status="PASS" signature="springTestContextPrepareTestInstance()[pri:0, instance:kr.co.adflow.pms.core.pcf.TokenControllerTest@140f3941]" name="springTestContextPrepareTestInstance" is-config="true" duration-ms="4127" started-at="2015-10-16T19:49:50Z" depends-on-methods="org.springframework.test.context.testng.AbstractTestNGSpringContextTests.springTestContextBeforeTestClass" finished-at="2015-10-16T19:49:54Z">
          <reporter-output>
          </reporter-output>
        </test-method> <!-- springTestContextPrepareTestInstance -->
        <test-method status="PASS" signature="springTestContextBeforeTestMethod(java.lang.reflect.Method)[pri:0, instance:kr.co.adflow.pms.core.pcf.TokenControllerTest@140f3941]" name="springTestContextBeforeTestMethod" is-config="true" duration-ms="1" started-at="2015-10-16T19:49:54Z" finished-at="2015-10-16T19:49:54Z">
          <params>
            <param index="0">
              <value>
                <![CDATA[void kr.co.adflow.pms.core.pcf.TokenControllerTest.test()]]>
              </value>
            </param>
          </params>
          <reporter-output>
          </reporter-output>
        </test-method> <!-- springTestContextBeforeTestMethod -->
        <test-method status="PASS" signature="test()[pri:0, instance:kr.co.adflow.pms.core.pcf.TokenControllerTest@140f3941]" name="test" duration-ms="405" started-at="2015-10-16T19:49:54Z" finished-at="2015-10-16T19:49:54Z">
          <reporter-output>
          </reporter-output>
        </test-method> <!-- test -->
        <test-method status="PASS" signature="springTestContextAfterTestMethod(java.lang.reflect.Method)[pri:0, instance:kr.co.adflow.pms.core.pcf.TokenControllerTest@140f3941]" name="springTestContextAfterTestMethod" is-config="true" duration-ms="4" started-at="2015-10-16T19:49:54Z" finished-at="2015-10-16T19:49:54Z">
          <params>
            <param index="0">
              <value>
                <![CDATA[void kr.co.adflow.pms.core.pcf.TokenControllerTest.test()]]>
              </value>
            </param>
          </params>
          <reporter-output>
          </reporter-output>
        </test-method> <!-- springTestContextAfterTestMethod -->
        <test-method status="PASS" signature="springTestContextAfterTestClass()[pri:0, instance:kr.co.adflow.pms.core.pcf.TokenControllerTest@140f3941]" name="springTestContextAfterTestClass" is-config="true" duration-ms="1" started-at="2015-10-16T19:49:54Z" finished-at="2015-10-16T19:49:54Z">
          <reporter-output>
          </reporter-output>
        </test-method> <!-- springTestContextAfterTestClass -->
      </class> <!-- kr.co.adflow.pms.core.pcf.TokenControllerTest -->
    </test> <!-- Default test -->
  </suite> <!-- Default suite -->
</testng-results>
