<?xml version="1.0" encoding="UTF-8"?>
<!-- Generated by org.testng.reporters.JUnitXMLReporter -->
<testsuite hostname="nadir93-macpro.local" name="Command line test" tests="3" failures="0" timestamp="21 Mar 2014 16:03:55 GMT" time="3.224" errors="0">
  <testcase name="isAvailable" time="0.086" classname="kr.co.adflow.push.testng.TestPushController"/>
  <testcase name="sendMessage" time="0.001" classname="kr.co.adflow.push.testng.TestPushController"/>
  <testcase name="sendTopic" time="0.002" classname="kr.co.adflow.push.testng.TestPushController"/>
</testsuite> <!-- Command line test -->
