<?xml version="1.0" encoding="UTF-8"?>
<testng-results skipped="0" failed="0" total="3" passed="3">
  <reporter-output>
  </reporter-output>
  <suite name="Default suite" duration-ms="3596" started-at="2014-03-23T13:32:46Z" finished-at="2014-03-23T13:32:50Z">
    <groups>
    </groups>
    <test name="Default test" duration-ms="3596" started-at="2014-03-23T13:32:46Z" finished-at="2014-03-23T13:32:50Z">
      <class name="kr.co.adflow.push.testng.TestPushController">
        <test-method status="PASS" signature="springTestContextBeforeTestClass()[pri:0, instance:kr.co.adflow.push.testng.TestPushController@3b794c60]" name="springTestContextBeforeTestClass" is-config="true" duration-ms="21" started-at="2014-03-23T22:32:46Z" finished-at="2014-03-23T22:32:46Z">
          <reporter-output>
          </reporter-output>
        </test-method> <!-- springTestContextBeforeTestClass -->
        <test-method status="PASS" signature="springTestContextPrepareTestInstance()[pri:0, instance:kr.co.adflow.push.testng.TestPushController@3b794c60]" name="springTestContextPrepareTestInstance" is-config="true" duration-ms="2388" started-at="2014-03-23T22:32:46Z" depends-on-methods="org.springframework.test.context.testng.AbstractTestNGSpringContextTests.springTestContextBeforeTestClass" finished-at="2014-03-23T22:32:48Z">
          <reporter-output>
          </reporter-output>
        </test-method> <!-- springTestContextPrepareTestInstance -->
        <test-method status="PASS" signature="bfterclass()[pri:0, instance:kr.co.adflow.push.testng.TestPushController@3b794c60]" name="bfterclass" is-config="true" duration-ms="1038" started-at="2014-03-23T22:32:48Z" finished-at="2014-03-23T22:32:50Z">
          <reporter-output>
          </reporter-output>
        </test-method> <!-- bfterclass -->
        <test-method status="PASS" signature="springTestContextBeforeTestMethod(java.lang.reflect.Method)[pri:0, instance:kr.co.adflow.push.testng.TestPushController@3b794c60]" name="springTestContextBeforeTestMethod" is-config="true" duration-ms="1" started-at="2014-03-23T22:32:50Z" finished-at="2014-03-23T22:32:50Z">
          <params>
            <param index="0">
              <value>
                <![CDATA[void kr.co.adflow.push.testng.TestPushController.isAvailable()]]>
              </value>
            </param>
          </params>
          <reporter-output>
          </reporter-output>
        </test-method> <!-- springTestContextBeforeTestMethod -->
        <test-method status="PASS" signature="isAvailable()[pri:0, instance:kr.co.adflow.push.testng.TestPushController@3b794c60]" name="isAvailable" duration-ms="100" started-at="2014-03-23T22:32:50Z" finished-at="2014-03-23T22:32:50Z">
          <reporter-output>
          </reporter-output>
        </test-method> <!-- isAvailable -->
        <test-method status="PASS" signature="springTestContextAfterTestMethod(java.lang.reflect.Method)[pri:0, instance:kr.co.adflow.push.testng.TestPushController@3b794c60]" name="springTestContextAfterTestMethod" is-config="true" duration-ms="2" started-at="2014-03-23T22:32:50Z" finished-at="2014-03-23T22:32:50Z">
          <params>
            <param index="0">
              <value>
                <![CDATA[void kr.co.adflow.push.testng.TestPushController.isAvailable()]]>
              </value>
            </param>
          </params>
          <reporter-output>
          </reporter-output>
        </test-method> <!-- springTestContextAfterTestMethod -->
        <test-method status="PASS" signature="springTestContextBeforeTestMethod(java.lang.reflect.Method)[pri:0, instance:kr.co.adflow.push.testng.TestPushController@3b794c60]" name="springTestContextBeforeTestMethod" is-config="true" duration-ms="1" started-at="2014-03-23T22:32:50Z" finished-at="2014-03-23T22:32:50Z">
          <params>
            <param index="0">
              <value>
                <![CDATA[void kr.co.adflow.push.testng.TestPushController.sendMessage()]]>
              </value>
            </param>
          </params>
          <reporter-output>
          </reporter-output>
        </test-method> <!-- springTestContextBeforeTestMethod -->
        <test-method status="PASS" signature="sendMessage()[pri:0, instance:kr.co.adflow.push.testng.TestPushController@3b794c60]" name="sendMessage" duration-ms="20" started-at="2014-03-23T22:32:50Z" finished-at="2014-03-23T22:32:50Z">
          <reporter-output>
          </reporter-output>
        </test-method> <!-- sendMessage -->
        <test-method status="PASS" signature="springTestContextAfterTestMethod(java.lang.reflect.Method)[pri:0, instance:kr.co.adflow.push.testng.TestPushController@3b794c60]" name="springTestContextAfterTestMethod" is-config="true" duration-ms="0" started-at="2014-03-23T22:32:50Z" finished-at="2014-03-23T22:32:50Z">
          <params>
            <param index="0">
              <value>
                <![CDATA[void kr.co.adflow.push.testng.TestPushController.sendMessage()]]>
              </value>
            </param>
          </params>
          <reporter-output>
          </reporter-output>
        </test-method> <!-- springTestContextAfterTestMethod -->
        <test-method status="PASS" signature="sendTopic()[pri:0, instance:kr.co.adflow.push.testng.TestPushController@3b794c60]" name="sendTopic" duration-ms="2" started-at="2014-03-23T22:32:50Z" finished-at="2014-03-23T22:32:50Z">
          <reporter-output>
          </reporter-output>
        </test-method> <!-- sendTopic -->
        <test-method status="PASS" signature="springTestContextBeforeTestMethod(java.lang.reflect.Method)[pri:0, instance:kr.co.adflow.push.testng.TestPushController@3b794c60]" name="springTestContextBeforeTestMethod" is-config="true" duration-ms="0" started-at="2014-03-23T22:32:50Z" finished-at="2014-03-23T22:32:50Z">
          <params>
            <param index="0">
              <value>
                <![CDATA[void kr.co.adflow.push.testng.TestPushController.sendTopic()]]>
              </value>
            </param>
          </params>
          <reporter-output>
          </reporter-output>
        </test-method> <!-- springTestContextBeforeTestMethod -->
        <test-method status="PASS" signature="springTestContextAfterTestMethod(java.lang.reflect.Method)[pri:0, instance:kr.co.adflow.push.testng.TestPushController@3b794c60]" name="springTestContextAfterTestMethod" is-config="true" duration-ms="1" started-at="2014-03-23T22:32:50Z" finished-at="2014-03-23T22:32:50Z">
          <params>
            <param index="0">
              <value>
                <![CDATA[void kr.co.adflow.push.testng.TestPushController.sendTopic()]]>
              </value>
            </param>
          </params>
          <reporter-output>
          </reporter-output>
        </test-method> <!-- springTestContextAfterTestMethod -->
        <test-method status="PASS" signature="springTestContextAfterTestClass()[pri:0, instance:kr.co.adflow.push.testng.TestPushController@3b794c60]" name="springTestContextAfterTestClass" is-config="true" duration-ms="1" started-at="2014-03-23T22:32:50Z" finished-at="2014-03-23T22:32:50Z">
          <reporter-output>
          </reporter-output>
        </test-method> <!-- springTestContextAfterTestClass -->
        <test-method status="PASS" signature="afterclass()[pri:0, instance:kr.co.adflow.push.testng.TestPushController@3b794c60]" name="afterclass" is-config="true" duration-ms="0" started-at="2014-03-23T22:32:50Z" finished-at="2014-03-23T22:32:50Z">
          <reporter-output>
          </reporter-output>
        </test-method> <!-- afterclass -->
      </class> <!-- kr.co.adflow.push.testng.TestPushController -->
    </test> <!-- Default test -->
  </suite> <!-- Default suite -->
</testng-results>
